<?xml version="1.0" encoding="UTF-8"?>
<testsuite name="com.mcnz.FailMeMaybeTest" tests="1" skipped="0" failures="0" errors="0" timestamp="2020-11-26T22:50:58" hostname="THINKSTATION" time="0.002">
  <properties/>
  <testcase name="testMyTrueAssertion" classname="com.mcnz.FailMeMaybeTest" time="0.002"/>
  <system-out><![CDATA[]]></system-out>
  <system-err><![CDATA[]]></system-err>
</testsuite>
